make all --print-data-base --no-builtin-variables --no-builtin-rules --question
# GNU Make 3.81
# Copyright (C) 2006  Free Software Foundation, Inc.
# This is free software; see the source for copying conditions.
# There is NO warranty; not even for MERCHANTABILITY or FITNESS FOR A
# PARTICULAR PURPOSE.

# This program built for i386-apple-darwin11.3.0

# Make data base, printed on Thu Oct 30 00:56:32 2025

# Variables

# automatic
<D = $(patsubst %/,%,$(dir $<))
# automatic
?F = $(notdir $?)
# environment
VSCODE_CRASH_REPORTER_PROCESS_TYPE = extensionHost
# automatic
?D = $(patsubst %/,%,$(dir $?))
# automatic
@D = $(patsubst %/,%,$(dir $@))
# automatic
@F = $(notdir $@)
# makefile
CURDIR := /Users/sofiadeane/Documents/UTN/SSL/Trabajo Final/SSL_2025_TPFinal
# makefile
SHELL = /bin/sh
# environment
VSCODE_NLS_CONFIG = {"userLocale":"en-us","osLocale":"en-ar","resolvedLanguage":"en","defaultMessagesFile":"/Applications/Visual Studio Code.app/Contents/Resources/app/out/nls.messages.json","locale":"en-us","availableLanguages":{}}
# environment
_ = /usr/bin/make
# makefile
MAKEFILE_LIST := 
# environment
__CFBundleIdentifier = com.microsoft.VSCode
# environment
INFOPATH = /usr/local/share/info:
# environment
VSCODE_CWD = /
# environment
PATH = /usr/local/opt/node@20/bin:/Users/sofiadeane/.cabal/bin:/Users/sofiadeane/.ghcup/bin:/opt/local/bin:/opt/local/sbin:/usr/local/bin:/usr/local/sbin:/usr/local/bin:/usr/bin:/bin:/usr/sbin:/sbin:/opt/X11/bin:/Library/Apple/usr/bin
# environment
ELECTRON_RUN_AS_NODE = 1
# default
.FEATURES := target-specific order-only second-expansion else-if archives jobserver check-symlink
# environment
SSH_AUTH_SOCK = /private/tmp/com.apple.launchd.1tpeF7S0cN/Listeners
# automatic
%F = $(notdir $%)
# environment
DISPLAY = /private/tmp/com.apple.launchd.rWheIawe5S/org.xquartz:0
# environment
PWD = /Users/sofiadeane/Documents/UTN/SSL/Trabajo Final/SSL_2025_TPFinal
# environment
HOMEBREW_CELLAR = /usr/local/Cellar
# environment
ORIGINAL_XDG_CURRENT_DESKTOP = undefined
# environment
HOME = /Users/sofiadeane
# default
MAKEFILEPATH = $(shell /usr/bin/xcode-select -print-path 2>/dev/null || echo /Developer)/Makefiles
# environment
VSCODE_CODE_CACHE_PATH = /Users/sofiadeane/Library/Application Support/Code/CachedData/7d842fb85a0275a4a8e4d7e040d2625abbf7f084
# environment
LOGNAME = sofiadeane
# environment
APPLICATION_INSIGHTS_NO_DIAGNOSTIC_CHANNEL = true
# environment
VSCODE_HANDLES_UNCAUGHT_ERRORS = true
# automatic
^D = $(patsubst %/,%,$(dir $^))
# environment
XPC_FLAGS = 0x0
# default
MAKE = $(MAKE_COMMAND)
# default
MAKECMDGOALS := all
# environment
SHLVL = 1
# environment
VSCODE_ESM_ENTRYPOINT = vs/workbench/api/node/extensionHostProcess
# default
MAKE_VERSION := 3.81
# environment
USER = sofiadeane
# makefile
.DEFAULT_GOAL := 
# environment
APPLICATION_INSIGHTS_NO_STATSBEAT = true
# automatic
%D = $(patsubst %/,%,$(dir $%))
# default
MAKE_COMMAND := /Library/Developer/CommandLineTools/usr/bin/make
# default
.VARIABLES := 
# environment
TMPDIR = /var/folders/mp/9zt02hsn77n3j38qrrc2j6qr0000gn/T/
# automatic
*F = $(notdir $*)
# environment
VSCODE_IPC_HOOK = /Users/sofiadeane/Library/Application Support/Code/1.10-main.sock
# environment
MallocNanoZone = 0
# makefile
MAKEFLAGS = Rrqp
# environment
MFLAGS = -Rrqp
# automatic
*D = $(patsubst %/,%,$(dir $*))
# environment
XPC_SERVICE_NAME = application.com.microsoft.VSCode.21756111.21756117
# environment
HOMEBREW_PREFIX = /usr/local
# automatic
+D = $(patsubst %/,%,$(dir $+))
# environment
VSCODE_L10N_BUNDLE_LOCATION = 
# automatic
+F = $(notdir $+)
# environment
HOMEBREW_REPOSITORY = /usr/local/Homebrew
# environment
__CF_USER_TEXT_ENCODING = 0x1F5:0x0:0x0
# environment
COMMAND_MODE = unix2003
# default
MAKEFILES := 
# automatic
<F = $(notdir $<)
# environment
LC_ALL = C
# automatic
^F = $(notdir $^)
# default
SUFFIXES := 
# default
.INCLUDE_DIRS = /usr/local/include
# environment
MAKELEVEL := 0
# environment
LANG = C
# environment
VSCODE_PID = 1344
# variable set hash-table stats:
# Load=66/1024=6%, Rehash=0, Collisions=1/87=1%

# Pattern-specific Variable Values

# No pattern-specific variable values.

# Directories

# . (device 16777225, inode 21397373): 12 files, no impossibilities.

# 12 files, no impossibilities in 1 directories.

# Implicit Rules

# No implicit rules.

# Files

# Not a target:
all:
#  Command-line target.
#  Implicit rule search has been done.
#  File does not exist.
#  File has not been updated.
# variable set hash-table stats:
# Load=0/32=0%, Rehash=0, Collisions=0/0=0%

# Not a target:
.SUFFIXES:
#  Implicit rule search has not been done.
#  Modification time never checked.
#  File has not been updated.

# Not a target:
Makefile:
#  A default, MAKEFILES, or -include/sinclude makefile.
#  Implicit rule search has been done.
#  File does not exist.
#  File has been updated.
#  Failed to be updated.
# variable set hash-table stats:
# Load=0/32=0%, Rehash=0, Collisions=0/0=0%

# Not a target:
makefile:
#  A default, MAKEFILES, or -include/sinclude makefile.
#  Implicit rule search has been done.
#  File does not exist.
#  File has been updated.
#  Failed to be updated.
# variable set hash-table stats:
# Load=0/32=0%, Rehash=0, Collisions=0/0=0%

# Not a target:
.DEFAULT:
#  Implicit rule search has not been done.
#  Modification time never checked.
#  File has not been updated.

# Not a target:
GNUmakefile:
#  A default, MAKEFILES, or -include/sinclude makefile.
#  Implicit rule search has been done.
#  File does not exist.
#  File has been updated.
#  Failed to be updated.
# variable set hash-table stats:
# Load=0/32=0%, Rehash=0, Collisions=0/0=0%

# files hash-table stats:
# Load=6/1024=1%, Rehash=0, Collisions=0/17=0%
# VPATH Search Paths

# No `vpath' search paths.

# No general (`VPATH' variable) search path.

# # of strings in strcache: 0
# # of strcache buffers: 0
# strcache size: total = 0 / max = 0 / min = 4096 / avg = 0
# strcache free: total = 0 / max = 0 / min = 4096 / avg = 0

# Finished Make data base on Thu Oct 30 00:56:32 2025

 
make: *** No rule to make target `all'.  Stop.

